<?xml version="1.0" encoding="UTF-8"?>
<!-- Generated by org.testng.reporters.JUnitReportReporter -->
<testsuite hostname="DESKTOP-Q4RLJUB" failures="0" tests="1" name="com.ShopCluesV1.TestCases.TC_001_RegisterUser" time="11.378" errors="0" timestamp="2023-10-10T13:08:54 IST" skipped="0">
  <testcase classname="com.ShopCluesV1.TestCases.TC_001_RegisterUser" name="registerUser" time="11.378"/>
  <system-out/>
</testsuite> <!-- com.ShopCluesV1.TestCases.TC_001_RegisterUser -->
